<?xml version="1.0" encoding="UTF-8"?>
<!-- Generated by org.testng.reporters.JUnitReportReporter -->
<testsuite hostname="DESKTOP-8GGN59N" failures="0" tests="3" name="com.test.Task2" time="10.675" errors="0" timestamp="24 Nov 2023 11:57:15 GMT" skipped="0">
  <testcase classname="com.test.Task2" name="test1" time="3.533"/>
  <testcase classname="com.test.Task2" name="test1" time="3.544"/>
  <testcase classname="com.test.Task2" name="test1" time="3.598"/>
</testsuite> <!-- com.test.Task2 -->
