<?xml version="1.0" encoding="UTF-8"?>
<!-- Generated by org.testng.reporters.JUnitReportReporter -->
<testsuite hostname="DESKTOP-8GGN59N" failures="0" tests="1" name="com.test.Task1" time="15.127" errors="0" timestamp="24 Nov 2023 11:56:44 GMT" skipped="0">
  <testcase classname="com.test.Task1" name="test1" time="15.127"/>
</testsuite> <!-- com.test.Task1 -->
